SLURM_JOB_ID: 61702275
SLURM_JOB_USER: vsc36297
SLURM_JOB_ACCOUNT: lp_h_ds_2023_2024
SLURM_JOB_NAME: jobscript.slurm
SLURM_CLUSTER_NAME: wice
SLURM_JOB_PARTITION: batch
SLURM_NNODES: 1
SLURM_NODELIST: n28c27n3
SLURM_JOB_CPUS_PER_NODE: 1
Date: Sun Jun 23 16:38:34 CEST 2024
Walltime: 00-12:20:00
========================================================================
Requirement already satisfied: pip in ./myenvtest/lib/python3.11/site-packages (24.1)
Requirement already satisfied: pip in ./myenvtest/lib/python3.11/site-packages (24.1)
Requirement already satisfied: setuptools in ./myenvtest/lib/python3.11/site-packages (70.1.0)
Requirement already satisfied: mmh3 in ./myenvtest/lib/python3.11/site-packages (4.1.0)
Requirement already satisfied: pandas in ./myenvtest/lib/python3.11/site-packages (2.2.2)
Requirement already satisfied: numpy>=1.23.2 in ./myenvtest/lib/python3.11/site-packages (from pandas) (2.0.0)
Requirement already satisfied: python-dateutil>=2.8.2 in ./myenvtest/lib/python3.11/site-packages (from pandas) (2.9.0.post0)
Requirement already satisfied: pytz>=2020.1 in ./myenvtest/lib/python3.11/site-packages (from pandas) (2024.1)
Requirement already satisfied: tzdata>=2022.7 in ./myenvtest/lib/python3.11/site-packages (from pandas) (2024.1)
Requirement already satisfied: six>=1.5 in ./myenvtest/lib/python3.11/site-packages (from python-dateutil>=2.8.2->pandas) (1.16.0)
Requirement already satisfied: scipy in ./myenvtest/lib/python3.11/site-packages (1.13.1)
Requirement already satisfied: numpy<2.3,>=1.22.4 in ./myenvtest/lib/python3.11/site-packages (from scipy) (2.0.0)
Requirement already satisfied: numpy in ./myenvtest/lib/python3.11/site-packages (2.0.0)
Requirement already satisfied: faker in ./myenvtest/lib/python3.11/site-packages (25.9.1)
Requirement already satisfied: python-dateutil>=2.4 in ./myenvtest/lib/python3.11/site-packages (from faker) (2.9.0.post0)
Requirement already satisfied: six>=1.5 in ./myenvtest/lib/python3.11/site-packages (from python-dateutil>=2.4->faker) (1.16.0)
Requirement already satisfied: seaborn in ./myenvtest/lib/python3.11/site-packages (0.13.2)
Requirement already satisfied: numpy!=1.24.0,>=1.20 in ./myenvtest/lib/python3.11/site-packages (from seaborn) (2.0.0)
Requirement already satisfied: pandas>=1.2 in ./myenvtest/lib/python3.11/site-packages (from seaborn) (2.2.2)
Requirement already satisfied: matplotlib!=3.6.1,>=3.4 in ./myenvtest/lib/python3.11/site-packages (from seaborn) (3.9.0)
Requirement already satisfied: contourpy>=1.0.1 in ./myenvtest/lib/python3.11/site-packages (from matplotlib!=3.6.1,>=3.4->seaborn) (1.2.1)
Requirement already satisfied: cycler>=0.10 in ./myenvtest/lib/python3.11/site-packages (from matplotlib!=3.6.1,>=3.4->seaborn) (0.12.1)
Requirement already satisfied: fonttools>=4.22.0 in ./myenvtest/lib/python3.11/site-packages (from matplotlib!=3.6.1,>=3.4->seaborn) (4.53.0)
Requirement already satisfied: kiwisolver>=1.3.1 in ./myenvtest/lib/python3.11/site-packages (from matplotlib!=3.6.1,>=3.4->seaborn) (1.4.5)
Requirement already satisfied: packaging>=20.0 in ./myenvtest/lib/python3.11/site-packages (from matplotlib!=3.6.1,>=3.4->seaborn) (24.1)
Requirement already satisfied: pillow>=8 in ./myenvtest/lib/python3.11/site-packages (from matplotlib!=3.6.1,>=3.4->seaborn) (10.3.0)
Requirement already satisfied: pyparsing>=2.3.1 in ./myenvtest/lib/python3.11/site-packages (from matplotlib!=3.6.1,>=3.4->seaborn) (3.1.2)
Requirement already satisfied: python-dateutil>=2.7 in ./myenvtest/lib/python3.11/site-packages (from matplotlib!=3.6.1,>=3.4->seaborn) (2.9.0.post0)
Requirement already satisfied: pytz>=2020.1 in ./myenvtest/lib/python3.11/site-packages (from pandas>=1.2->seaborn) (2024.1)
Requirement already satisfied: tzdata>=2022.7 in ./myenvtest/lib/python3.11/site-packages (from pandas>=1.2->seaborn) (2024.1)
Requirement already satisfied: six>=1.5 in ./myenvtest/lib/python3.11/site-packages (from python-dateutil>=2.7->matplotlib!=3.6.1,>=3.4->seaborn) (1.16.0)
Requirement already satisfied: matplotlib in ./myenvtest/lib/python3.11/site-packages (3.9.0)
Requirement already satisfied: contourpy>=1.0.1 in ./myenvtest/lib/python3.11/site-packages (from matplotlib) (1.2.1)
Requirement already satisfied: cycler>=0.10 in ./myenvtest/lib/python3.11/site-packages (from matplotlib) (0.12.1)
Requirement already satisfied: fonttools>=4.22.0 in ./myenvtest/lib/python3.11/site-packages (from matplotlib) (4.53.0)
Requirement already satisfied: kiwisolver>=1.3.1 in ./myenvtest/lib/python3.11/site-packages (from matplotlib) (1.4.5)
Requirement already satisfied: numpy>=1.23 in ./myenvtest/lib/python3.11/site-packages (from matplotlib) (2.0.0)
Requirement already satisfied: packaging>=20.0 in ./myenvtest/lib/python3.11/site-packages (from matplotlib) (24.1)
Requirement already satisfied: pillow>=8 in ./myenvtest/lib/python3.11/site-packages (from matplotlib) (10.3.0)
Requirement already satisfied: pyparsing>=2.3.1 in ./myenvtest/lib/python3.11/site-packages (from matplotlib) (3.1.2)
Requirement already satisfied: python-dateutil>=2.7 in ./myenvtest/lib/python3.11/site-packages (from matplotlib) (2.9.0.post0)
Requirement already satisfied: six>=1.5 in ./myenvtest/lib/python3.11/site-packages (from python-dateutil>=2.7->matplotlib) (1.16.0)
Inserting 20000 random_string elements with 5 hash functions
Looking up 20000 random_string elements with 5 hash functions
Inserting 40000 random_string elements with 5 hash functions
Looking up 40000 random_string elements with 5 hash functions
Inserting 60000 random_string elements with 5 hash functions
Looking up 60000 random_string elements with 5 hash functions
Inserting 80000 random_string elements with 5 hash functions
Looking up 80000 random_string elements with 5 hash functions
Inserting 100000 random_string elements with 5 hash functions
Looking up 100000 random_string elements with 5 hash functions
Inserting 120000 random_string elements with 5 hash functions
Looking up 120000 random_string elements with 5 hash functions
Inserting 140000 random_string elements with 5 hash functions
Looking up 140000 random_string elements with 5 hash functions
Inserting 160000 random_string elements with 5 hash functions
Looking up 160000 random_string elements with 5 hash functions
Inserting 180000 random_string elements with 5 hash functions
Looking up 180000 random_string elements with 5 hash functions
Inserting 200000 random_string elements with 5 hash functions
Looking up 200000 random_string elements with 5 hash functions
Inserting 220000 random_string elements with 5 hash functions
Looking up 220000 random_string elements with 5 hash functions
Inserting 240000 random_string elements with 5 hash functions
Looking up 240000 random_string elements with 5 hash functions
Inserting 260000 random_string elements with 5 hash functions
Looking up 260000 random_string elements with 5 hash functions
Inserting 280000 random_string elements with 5 hash functions
Looking up 280000 random_string elements with 5 hash functions
Inserting 300000 random_string elements with 5 hash functions
Looking up 300000 random_string elements with 5 hash functions
Inserting 320000 random_string elements with 5 hash functions
Looking up 320000 random_string elements with 5 hash functions
Inserting 340000 random_string elements with 5 hash functions
Looking up 340000 random_string elements with 5 hash functions
Inserting 360000 random_string elements with 5 hash functions
Looking up 360000 random_string elements with 5 hash functions
Inserting 380000 random_string elements with 5 hash functions
Looking up 380000 random_string elements with 5 hash functions
Inserting 400000 random_string elements with 5 hash functions
Looking up 400000 random_string elements with 5 hash functions
Inserting 420000 random_string elements with 5 hash functions
Looking up 420000 random_string elements with 5 hash functions
Inserting 440000 random_string elements with 5 hash functions
Looking up 440000 random_string elements with 5 hash functions
Inserting 460000 random_string elements with 5 hash functions
Looking up 460000 random_string elements with 5 hash functions
Inserting 480000 random_string elements with 5 hash functions
Looking up 480000 random_string elements with 5 hash functions
Inserting 500000 random_string elements with 5 hash functions
Looking up 500000 random_string elements with 5 hash functions
Inserting 520000 random_string elements with 5 hash functions
Looking up 520000 random_string elements with 5 hash functions
Inserting 540000 random_string elements with 5 hash functions
Looking up 540000 random_string elements with 5 hash functions
Inserting 560000 random_string elements with 5 hash functions
Looking up 560000 random_string elements with 5 hash functions
Inserting 580000 random_string elements with 5 hash functions
Looking up 580000 random_string elements with 5 hash functions
Inserting 600000 random_string elements with 5 hash functions
Looking up 600000 random_string elements with 5 hash functions
Inserting 620000 random_string elements with 5 hash functions
Looking up 620000 random_string elements with 5 hash functions
Inserting 640000 random_string elements with 5 hash functions
Looking up 640000 random_string elements with 5 hash functions
Inserting 660000 random_string elements with 5 hash functions
Looking up 660000 random_string elements with 5 hash functions
Inserting 680000 random_string elements with 5 hash functions
Looking up 680000 random_string elements with 5 hash functions
Inserting 700000 random_string elements with 5 hash functions
Looking up 700000 random_string elements with 5 hash functions
Inserting 720000 random_string elements with 5 hash functions
Looking up 720000 random_string elements with 5 hash functions
Inserting 740000 random_string elements with 5 hash functions
Looking up 740000 random_string elements with 5 hash functions
Inserting 760000 random_string elements with 5 hash functions
Looking up 760000 random_string elements with 5 hash functions
Inserting 780000 random_string elements with 5 hash functions
Looking up 780000 random_string elements with 5 hash functions
Inserting 800000 random_string elements with 5 hash functions
Looking up 800000 random_string elements with 5 hash functions
Inserting 820000 random_string elements with 5 hash functions
Looking up 820000 random_string elements with 5 hash functions
Inserting 840000 random_string elements with 5 hash functions
Looking up 840000 random_string elements with 5 hash functions
Inserting 860000 random_string elements with 5 hash functions
Looking up 860000 random_string elements with 5 hash functions
Inserting 880000 random_string elements with 5 hash functions
Looking up 880000 random_string elements with 5 hash functions
Inserting 900000 random_string elements with 5 hash functions
Looking up 900000 random_string elements with 5 hash functions
Inserting 920000 random_string elements with 5 hash functions
Looking up 920000 random_string elements with 5 hash functions
Inserting 940000 random_string elements with 5 hash functions
Looking up 940000 random_string elements with 5 hash functions
Inserting 960000 random_string elements with 5 hash functions
Looking up 960000 random_string elements with 5 hash functions
Inserting 980000 random_string elements with 5 hash functions
Looking up 980000 random_string elements with 5 hash functions
Inserting 1000000 random_string elements with 5 hash functions
Looking up 1000000 random_string elements with 5 hash functions
Inserting 20000 random_string elements with 10 hash functions
Looking up 20000 random_string elements with 10 hash functions
Inserting 40000 random_string elements with 10 hash functions
Looking up 40000 random_string elements with 10 hash functions
Inserting 60000 random_string elements with 10 hash functions
Looking up 60000 random_string elements with 10 hash functions
Inserting 80000 random_string elements with 10 hash functions
Looking up 80000 random_string elements with 10 hash functions
Inserting 100000 random_string elements with 10 hash functions
Looking up 100000 random_string elements with 10 hash functions
Inserting 120000 random_string elements with 10 hash functions
Looking up 120000 random_string elements with 10 hash functions
Inserting 140000 random_string elements with 10 hash functions
Looking up 140000 random_string elements with 10 hash functions
Inserting 160000 random_string elements with 10 hash functions
Looking up 160000 random_string elements with 10 hash functions
Inserting 180000 random_string elements with 10 hash functions
Looking up 180000 random_string elements with 10 hash functions
Inserting 200000 random_string elements with 10 hash functions
Looking up 200000 random_string elements with 10 hash functions
Inserting 220000 random_string elements with 10 hash functions
Looking up 220000 random_string elements with 10 hash functions
Inserting 240000 random_string elements with 10 hash functions
Looking up 240000 random_string elements with 10 hash functions
Inserting 260000 random_string elements with 10 hash functions
Looking up 260000 random_string elements with 10 hash functions
Inserting 280000 random_string elements with 10 hash functions
Looking up 280000 random_string elements with 10 hash functions
Inserting 300000 random_string elements with 10 hash functions
Looking up 300000 random_string elements with 10 hash functions
Inserting 320000 random_string elements with 10 hash functions
Looking up 320000 random_string elements with 10 hash functions
Inserting 340000 random_string elements with 10 hash functions
Looking up 340000 random_string elements with 10 hash functions
Inserting 360000 random_string elements with 10 hash functions
Looking up 360000 random_string elements with 10 hash functions
Inserting 380000 random_string elements with 10 hash functions
Looking up 380000 random_string elements with 10 hash functions
Inserting 400000 random_string elements with 10 hash functions
Looking up 400000 random_string elements with 10 hash functions
Inserting 420000 random_string elements with 10 hash functions
Looking up 420000 random_string elements with 10 hash functions
Inserting 440000 random_string elements with 10 hash functions
Looking up 440000 random_string elements with 10 hash functions
Inserting 460000 random_string elements with 10 hash functions
Looking up 460000 random_string elements with 10 hash functions
Inserting 480000 random_string elements with 10 hash functions
Looking up 480000 random_string elements with 10 hash functions
Inserting 500000 random_string elements with 10 hash functions
Looking up 500000 random_string elements with 10 hash functions
Inserting 520000 random_string elements with 10 hash functions
Looking up 520000 random_string elements with 10 hash functions
Inserting 540000 random_string elements with 10 hash functions
Looking up 540000 random_string elements with 10 hash functions
Inserting 560000 random_string elements with 10 hash functions
Looking up 560000 random_string elements with 10 hash functions
Inserting 580000 random_string elements with 10 hash functions
Looking up 580000 random_string elements with 10 hash functions
Inserting 600000 random_string elements with 10 hash functions
Looking up 600000 random_string elements with 10 hash functions
Inserting 620000 random_string elements with 10 hash functions
Looking up 620000 random_string elements with 10 hash functions
Inserting 640000 random_string elements with 10 hash functions
Looking up 640000 random_string elements with 10 hash functions
Inserting 660000 random_string elements with 10 hash functions
Looking up 660000 random_string elements with 10 hash functions
Inserting 680000 random_string elements with 10 hash functions
Looking up 680000 random_string elements with 10 hash functions
Inserting 700000 random_string elements with 10 hash functions
Looking up 700000 random_string elements with 10 hash functions
Inserting 720000 random_string elements with 10 hash functions
Looking up 720000 random_string elements with 10 hash functions
Inserting 740000 random_string elements with 10 hash functions
Looking up 740000 random_string elements with 10 hash functions
Inserting 760000 random_string elements with 10 hash functions
Looking up 760000 random_string elements with 10 hash functions
Inserting 780000 random_string elements with 10 hash functions
Looking up 780000 random_string elements with 10 hash functions
Inserting 800000 random_string elements with 10 hash functions
Looking up 800000 random_string elements with 10 hash functions
Inserting 820000 random_string elements with 10 hash functions
Looking up 820000 random_string elements with 10 hash functions
Inserting 840000 random_string elements with 10 hash functions
Looking up 840000 random_string elements with 10 hash functions
Inserting 860000 random_string elements with 10 hash functions
Looking up 860000 random_string elements with 10 hash functions
Inserting 880000 random_string elements with 10 hash functions
Looking up 880000 random_string elements with 10 hash functions
Inserting 900000 random_string elements with 10 hash functions
Looking up 900000 random_string elements with 10 hash functions
Inserting 920000 random_string elements with 10 hash functions
Looking up 920000 random_string elements with 10 hash functions
Inserting 940000 random_string elements with 10 hash functions
Looking up 940000 random_string elements with 10 hash functions
Inserting 960000 random_string elements with 10 hash functions
Looking up 960000 random_string elements with 10 hash functions
Inserting 980000 random_string elements with 10 hash functions
Looking up 980000 random_string elements with 10 hash functions
Inserting 1000000 random_string elements with 10 hash functions
Looking up 1000000 random_string elements with 10 hash functions
Inserting 20000 random_string elements with 15 hash functions
Looking up 20000 random_string elements with 15 hash functions
Inserting 40000 random_string elements with 15 hash functions
Looking up 40000 random_string elements with 15 hash functions
Inserting 60000 random_string elements with 15 hash functions
Looking up 60000 random_string elements with 15 hash functions
Inserting 80000 random_string elements with 15 hash functions
Looking up 80000 random_string elements with 15 hash functions
Inserting 100000 random_string elements with 15 hash functions
Looking up 100000 random_string elements with 15 hash functions
Inserting 120000 random_string elements with 15 hash functions
Looking up 120000 random_string elements with 15 hash functions
Inserting 140000 random_string elements with 15 hash functions
Looking up 140000 random_string elements with 15 hash functions
Inserting 160000 random_string elements with 15 hash functions
Looking up 160000 random_string elements with 15 hash functions
Inserting 180000 random_string elements with 15 hash functions
Looking up 180000 random_string elements with 15 hash functions
Inserting 200000 random_string elements with 15 hash functions
Looking up 200000 random_string elements with 15 hash functions
Inserting 220000 random_string elements with 15 hash functions
Looking up 220000 random_string elements with 15 hash functions
Inserting 240000 random_string elements with 15 hash functions
Looking up 240000 random_string elements with 15 hash functions
Inserting 260000 random_string elements with 15 hash functions
Looking up 260000 random_string elements with 15 hash functions
Inserting 280000 random_string elements with 15 hash functions
Looking up 280000 random_string elements with 15 hash functions
Inserting 300000 random_string elements with 15 hash functions
Looking up 300000 random_string elements with 15 hash functions
Inserting 320000 random_string elements with 15 hash functions
Looking up 320000 random_string elements with 15 hash functions
Inserting 340000 random_string elements with 15 hash functions
Looking up 340000 random_string elements with 15 hash functions
Inserting 360000 random_string elements with 15 hash functions
Looking up 360000 random_string elements with 15 hash functions
Inserting 380000 random_string elements with 15 hash functions
Looking up 380000 random_string elements with 15 hash functions
Inserting 400000 random_string elements with 15 hash functions
Looking up 400000 random_string elements with 15 hash functions
Inserting 420000 random_string elements with 15 hash functions
Looking up 420000 random_string elements with 15 hash functions
Inserting 440000 random_string elements with 15 hash functions
Looking up 440000 random_string elements with 15 hash functions
Inserting 460000 random_string elements with 15 hash functions
Looking up 460000 random_string elements with 15 hash functions
Inserting 480000 random_string elements with 15 hash functions
Looking up 480000 random_string elements with 15 hash functions
Inserting 500000 random_string elements with 15 hash functions
Looking up 500000 random_string elements with 15 hash functions
Inserting 520000 random_string elements with 15 hash functions
Looking up 520000 random_string elements with 15 hash functions
Inserting 540000 random_string elements with 15 hash functions
Looking up 540000 random_string elements with 15 hash functions
Inserting 560000 random_string elements with 15 hash functions
Looking up 560000 random_string elements with 15 hash functions
Inserting 580000 random_string elements with 15 hash functions
Looking up 580000 random_string elements with 15 hash functions
Inserting 600000 random_string elements with 15 hash functions
Looking up 600000 random_string elements with 15 hash functions
Inserting 620000 random_string elements with 15 hash functions
Looking up 620000 random_string elements with 15 hash functions
Inserting 640000 random_string elements with 15 hash functions
Looking up 640000 random_string elements with 15 hash functions
Inserting 660000 random_string elements with 15 hash functions
Looking up 660000 random_string elements with 15 hash functions
Inserting 680000 random_string elements with 15 hash functions
Looking up 680000 random_string elements with 15 hash functions
Inserting 700000 random_string elements with 15 hash functions
Looking up 700000 random_string elements with 15 hash functions
Inserting 720000 random_string elements with 15 hash functions
Looking up 720000 random_string elements with 15 hash functions
Inserting 740000 random_string elements with 15 hash functions
Looking up 740000 random_string elements with 15 hash functions
Inserting 760000 random_string elements with 15 hash functions
Looking up 760000 random_string elements with 15 hash functions
Inserting 780000 random_string elements with 15 hash functions
Looking up 780000 random_string elements with 15 hash functions
Inserting 800000 random_string elements with 15 hash functions
Looking up 800000 random_string elements with 15 hash functions
Inserting 820000 random_string elements with 15 hash functions
Looking up 820000 random_string elements with 15 hash functions
Inserting 840000 random_string elements with 15 hash functions
Looking up 840000 random_string elements with 15 hash functions
Inserting 860000 random_string elements with 15 hash functions
Looking up 860000 random_string elements with 15 hash functions
Inserting 880000 random_string elements with 15 hash functions
Looking up 880000 random_string elements with 15 hash functions
Inserting 900000 random_string elements with 15 hash functions
Looking up 900000 random_string elements with 15 hash functions
Inserting 920000 random_string elements with 15 hash functions
Looking up 920000 random_string elements with 15 hash functions
Inserting 940000 random_string elements with 15 hash functions
Looking up 940000 random_string elements with 15 hash functions
Inserting 960000 random_string elements with 15 hash functions
Looking up 960000 random_string elements with 15 hash functions
Inserting 980000 random_string elements with 15 hash functions
Looking up 980000 random_string elements with 15 hash functions
Inserting 1000000 random_string elements with 15 hash functions
Looking up 1000000 random_string elements with 15 hash functions
Inserting 20000 random_string elements with 20 hash functions
Looking up 20000 random_string elements with 20 hash functions
Inserting 40000 random_string elements with 20 hash functions
Looking up 40000 random_string elements with 20 hash functions
Inserting 60000 random_string elements with 20 hash functions
Looking up 60000 random_string elements with 20 hash functions
Inserting 80000 random_string elements with 20 hash functions
Looking up 80000 random_string elements with 20 hash functions
Inserting 100000 random_string elements with 20 hash functions
Looking up 100000 random_string elements with 20 hash functions
Inserting 120000 random_string elements with 20 hash functions
Looking up 120000 random_string elements with 20 hash functions
Inserting 140000 random_string elements with 20 hash functions
Looking up 140000 random_string elements with 20 hash functions
Inserting 160000 random_string elements with 20 hash functions
Looking up 160000 random_string elements with 20 hash functions
Inserting 180000 random_string elements with 20 hash functions
Looking up 180000 random_string elements with 20 hash functions
Inserting 200000 random_string elements with 20 hash functions
Looking up 200000 random_string elements with 20 hash functions
Inserting 220000 random_string elements with 20 hash functions
Looking up 220000 random_string elements with 20 hash functions
Inserting 240000 random_string elements with 20 hash functions
Looking up 240000 random_string elements with 20 hash functions
Inserting 260000 random_string elements with 20 hash functions
Looking up 260000 random_string elements with 20 hash functions
Inserting 280000 random_string elements with 20 hash functions
Looking up 280000 random_string elements with 20 hash functions
Inserting 300000 random_string elements with 20 hash functions
Looking up 300000 random_string elements with 20 hash functions
Inserting 320000 random_string elements with 20 hash functions
Looking up 320000 random_string elements with 20 hash functions
Inserting 340000 random_string elements with 20 hash functions
Looking up 340000 random_string elements with 20 hash functions
Inserting 360000 random_string elements with 20 hash functions
Looking up 360000 random_string elements with 20 hash functions
Inserting 380000 random_string elements with 20 hash functions
Looking up 380000 random_string elements with 20 hash functions
Inserting 400000 random_string elements with 20 hash functions
Looking up 400000 random_string elements with 20 hash functions
Inserting 420000 random_string elements with 20 hash functions
Looking up 420000 random_string elements with 20 hash functions
Inserting 440000 random_string elements with 20 hash functions
Looking up 440000 random_string elements with 20 hash functions
Inserting 460000 random_string elements with 20 hash functions
Looking up 460000 random_string elements with 20 hash functions
Inserting 480000 random_string elements with 20 hash functions
Looking up 480000 random_string elements with 20 hash functions
Inserting 500000 random_string elements with 20 hash functions
Looking up 500000 random_string elements with 20 hash functions
Inserting 520000 random_string elements with 20 hash functions
Looking up 520000 random_string elements with 20 hash functions
Inserting 540000 random_string elements with 20 hash functions
Looking up 540000 random_string elements with 20 hash functions
Inserting 560000 random_string elements with 20 hash functions
Looking up 560000 random_string elements with 20 hash functions
Inserting 580000 random_string elements with 20 hash functions
Looking up 580000 random_string elements with 20 hash functions
Inserting 600000 random_string elements with 20 hash functions
Looking up 600000 random_string elements with 20 hash functions
Inserting 620000 random_string elements with 20 hash functions
Looking up 620000 random_string elements with 20 hash functions
Inserting 640000 random_string elements with 20 hash functions
Looking up 640000 random_string elements with 20 hash functions
Inserting 660000 random_string elements with 20 hash functions
Looking up 660000 random_string elements with 20 hash functions
Inserting 680000 random_string elements with 20 hash functions
Looking up 680000 random_string elements with 20 hash functions
Inserting 700000 random_string elements with 20 hash functions
Looking up 700000 random_string elements with 20 hash functions
Inserting 720000 random_string elements with 20 hash functions
Looking up 720000 random_string elements with 20 hash functions
Inserting 740000 random_string elements with 20 hash functions
Looking up 740000 random_string elements with 20 hash functions
Inserting 760000 random_string elements with 20 hash functions
Looking up 760000 random_string elements with 20 hash functions
Inserting 780000 random_string elements with 20 hash functions
Looking up 780000 random_string elements with 20 hash functions
Inserting 800000 random_string elements with 20 hash functions
Looking up 800000 random_string elements with 20 hash functions
Inserting 820000 random_string elements with 20 hash functions
Looking up 820000 random_string elements with 20 hash functions
Inserting 840000 random_string elements with 20 hash functions
Looking up 840000 random_string elements with 20 hash functions
Inserting 860000 random_string elements with 20 hash functions
Looking up 860000 random_string elements with 20 hash functions
Inserting 880000 random_string elements with 20 hash functions
Looking up 880000 random_string elements with 20 hash functions
Inserting 900000 random_string elements with 20 hash functions
Looking up 900000 random_string elements with 20 hash functions
Inserting 920000 random_string elements with 20 hash functions
Looking up 920000 random_string elements with 20 hash functions
Inserting 940000 random_string elements with 20 hash functions
Looking up 940000 random_string elements with 20 hash functions
Inserting 960000 random_string elements with 20 hash functions
Looking up 960000 random_string elements with 20 hash functions
Inserting 980000 random_string elements with 20 hash functions
Looking up 980000 random_string elements with 20 hash functions
Inserting 1000000 random_string elements with 20 hash functions
Looking up 1000000 random_string elements with 20 hash functions
Inserting 20000 random_string elements with 25 hash functions
Looking up 20000 random_string elements with 25 hash functions
Inserting 40000 random_string elements with 25 hash functions
Looking up 40000 random_string elements with 25 hash functions
Inserting 60000 random_string elements with 25 hash functions
Looking up 60000 random_string elements with 25 hash functions
Inserting 80000 random_string elements with 25 hash functions
Looking up 80000 random_string elements with 25 hash functions
Inserting 100000 random_string elements with 25 hash functions
Looking up 100000 random_string elements with 25 hash functions
Inserting 120000 random_string elements with 25 hash functions
Looking up 120000 random_string elements with 25 hash functions
Inserting 140000 random_string elements with 25 hash functions
Looking up 140000 random_string elements with 25 hash functions
Inserting 160000 random_string elements with 25 hash functions
Looking up 160000 random_string elements with 25 hash functions
Inserting 180000 random_string elements with 25 hash functions
Looking up 180000 random_string elements with 25 hash functions
Inserting 200000 random_string elements with 25 hash functions
Looking up 200000 random_string elements with 25 hash functions
Inserting 220000 random_string elements with 25 hash functions
Looking up 220000 random_string elements with 25 hash functions
Inserting 240000 random_string elements with 25 hash functions
Looking up 240000 random_string elements with 25 hash functions
Inserting 260000 random_string elements with 25 hash functions
Looking up 260000 random_string elements with 25 hash functions
Inserting 280000 random_string elements with 25 hash functions
Looking up 280000 random_string elements with 25 hash functions
Inserting 300000 random_string elements with 25 hash functions
Looking up 300000 random_string elements with 25 hash functions
Inserting 320000 random_string elements with 25 hash functions
Looking up 320000 random_string elements with 25 hash functions
Inserting 340000 random_string elements with 25 hash functions
Looking up 340000 random_string elements with 25 hash functions
Inserting 360000 random_string elements with 25 hash functions
Looking up 360000 random_string elements with 25 hash functions
Inserting 380000 random_string elements with 25 hash functions
Looking up 380000 random_string elements with 25 hash functions
Inserting 400000 random_string elements with 25 hash functions
Looking up 400000 random_string elements with 25 hash functions
Inserting 420000 random_string elements with 25 hash functions
Looking up 420000 random_string elements with 25 hash functions
Inserting 440000 random_string elements with 25 hash functions
Looking up 440000 random_string elements with 25 hash functions
Inserting 460000 random_string elements with 25 hash functions
Looking up 460000 random_string elements with 25 hash functions
Inserting 480000 random_string elements with 25 hash functions
Looking up 480000 random_string elements with 25 hash functions
Inserting 500000 random_string elements with 25 hash functions
Looking up 500000 random_string elements with 25 hash functions
Inserting 520000 random_string elements with 25 hash functions
Looking up 520000 random_string elements with 25 hash functions
Inserting 540000 random_string elements with 25 hash functions
Looking up 540000 random_string elements with 25 hash functions
Inserting 560000 random_string elements with 25 hash functions
Looking up 560000 random_string elements with 25 hash functions
Inserting 580000 random_string elements with 25 hash functions
Looking up 580000 random_string elements with 25 hash functions
Inserting 600000 random_string elements with 25 hash functions
Looking up 600000 random_string elements with 25 hash functions
Inserting 620000 random_string elements with 25 hash functions
Looking up 620000 random_string elements with 25 hash functions
Inserting 640000 random_string elements with 25 hash functions
Looking up 640000 random_string elements with 25 hash functions
Inserting 660000 random_string elements with 25 hash functions
Looking up 660000 random_string elements with 25 hash functions
Inserting 680000 random_string elements with 25 hash functions
Looking up 680000 random_string elements with 25 hash functions
Inserting 700000 random_string elements with 25 hash functions
Looking up 700000 random_string elements with 25 hash functions
Inserting 720000 random_string elements with 25 hash functions
Looking up 720000 random_string elements with 25 hash functions
Inserting 740000 random_string elements with 25 hash functions
Looking up 740000 random_string elements with 25 hash functions
Inserting 760000 random_string elements with 25 hash functions
Looking up 760000 random_string elements with 25 hash functions
Inserting 780000 random_string elements with 25 hash functions
Looking up 780000 random_string elements with 25 hash functions
Inserting 800000 random_string elements with 25 hash functions
Looking up 800000 random_string elements with 25 hash functions
Inserting 820000 random_string elements with 25 hash functions
Looking up 820000 random_string elements with 25 hash functions
Inserting 840000 random_string elements with 25 hash functions
Looking up 840000 random_string elements with 25 hash functions
Inserting 860000 random_string elements with 25 hash functions
Looking up 860000 random_string elements with 25 hash functions
Inserting 880000 random_string elements with 25 hash functions
Looking up 880000 random_string elements with 25 hash functions
Inserting 900000 random_string elements with 25 hash functions
Looking up 900000 random_string elements with 25 hash functions
Inserting 920000 random_string elements with 25 hash functions
Looking up 920000 random_string elements with 25 hash functions
Inserting 940000 random_string elements with 25 hash functions
Looking up 940000 random_string elements with 25 hash functions
Inserting 960000 random_string elements with 25 hash functions
Looking up 960000 random_string elements with 25 hash functions
Inserting 980000 random_string elements with 25 hash functions
Looking up 980000 random_string elements with 25 hash functions
Inserting 1000000 random_string elements with 25 hash functions
Looking up 1000000 random_string elements with 25 hash functions
Inserting 20000 random_words elements with 5 hash functions
Looking up 20000 random_words elements with 5 hash functions
Inserting 40000 random_words elements with 5 hash functions
Looking up 40000 random_words elements with 5 hash functions
Inserting 60000 random_words elements with 5 hash functions
Looking up 60000 random_words elements with 5 hash functions
Inserting 80000 random_words elements with 5 hash functions
Looking up 80000 random_words elements with 5 hash functions
Inserting 100000 random_words elements with 5 hash functions
Looking up 100000 random_words elements with 5 hash functions
Inserting 120000 random_words elements with 5 hash functions
Looking up 120000 random_words elements with 5 hash functions
Inserting 140000 random_words elements with 5 hash functions
Looking up 140000 random_words elements with 5 hash functions
Inserting 160000 random_words elements with 5 hash functions
Looking up 160000 random_words elements with 5 hash functions
Inserting 180000 random_words elements with 5 hash functions
Looking up 180000 random_words elements with 5 hash functions
Inserting 200000 random_words elements with 5 hash functions
Looking up 200000 random_words elements with 5 hash functions
Inserting 220000 random_words elements with 5 hash functions
Looking up 220000 random_words elements with 5 hash functions
Inserting 240000 random_words elements with 5 hash functions
Looking up 240000 random_words elements with 5 hash functions
Inserting 260000 random_words elements with 5 hash functions
Looking up 260000 random_words elements with 5 hash functions
Inserting 280000 random_words elements with 5 hash functions
Looking up 280000 random_words elements with 5 hash functions
Inserting 300000 random_words elements with 5 hash functions
Looking up 300000 random_words elements with 5 hash functions
Inserting 320000 random_words elements with 5 hash functions
Looking up 320000 random_words elements with 5 hash functions
Inserting 340000 random_words elements with 5 hash functions
Looking up 340000 random_words elements with 5 hash functions
Inserting 360000 random_words elements with 5 hash functions
Looking up 360000 random_words elements with 5 hash functions
Inserting 380000 random_words elements with 5 hash functions
Looking up 380000 random_words elements with 5 hash functions
Inserting 400000 random_words elements with 5 hash functions
Looking up 400000 random_words elements with 5 hash functions
Inserting 420000 random_words elements with 5 hash functions
Looking up 420000 random_words elements with 5 hash functions
Inserting 440000 random_words elements with 5 hash functions
Looking up 440000 random_words elements with 5 hash functions
Inserting 460000 random_words elements with 5 hash functions
Looking up 460000 random_words elements with 5 hash functions
Inserting 480000 random_words elements with 5 hash functions
Looking up 480000 random_words elements with 5 hash functions
Inserting 500000 random_words elements with 5 hash functions
Looking up 500000 random_words elements with 5 hash functions
Inserting 520000 random_words elements with 5 hash functions
Looking up 520000 random_words elements with 5 hash functions
Inserting 540000 random_words elements with 5 hash functions
Looking up 540000 random_words elements with 5 hash functions
Inserting 560000 random_words elements with 5 hash functions
Looking up 560000 random_words elements with 5 hash functions
Inserting 580000 random_words elements with 5 hash functions
Looking up 580000 random_words elements with 5 hash functions
Inserting 600000 random_words elements with 5 hash functions
Looking up 600000 random_words elements with 5 hash functions
Inserting 620000 random_words elements with 5 hash functions
Looking up 620000 random_words elements with 5 hash functions
Inserting 640000 random_words elements with 5 hash functions
Looking up 640000 random_words elements with 5 hash functions
Inserting 660000 random_words elements with 5 hash functions
Looking up 660000 random_words elements with 5 hash functions
Inserting 680000 random_words elements with 5 hash functions
Looking up 680000 random_words elements with 5 hash functions
Inserting 700000 random_words elements with 5 hash functions
Looking up 700000 random_words elements with 5 hash functions
Inserting 720000 random_words elements with 5 hash functions
Looking up 720000 random_words elements with 5 hash functions
Inserting 740000 random_words elements with 5 hash functions
Looking up 740000 random_words elements with 5 hash functions
Inserting 760000 random_words elements with 5 hash functions
Looking up 760000 random_words elements with 5 hash functions
Inserting 780000 random_words elements with 5 hash functions
Looking up 780000 random_words elements with 5 hash functions
Inserting 800000 random_words elements with 5 hash functions
Looking up 800000 random_words elements with 5 hash functions
Inserting 820000 random_words elements with 5 hash functions
Looking up 820000 random_words elements with 5 hash functions
Inserting 840000 random_words elements with 5 hash functions
Looking up 840000 random_words elements with 5 hash functions
Inserting 860000 random_words elements with 5 hash functions
Looking up 860000 random_words elements with 5 hash functions
Inserting 880000 random_words elements with 5 hash functions
Looking up 880000 random_words elements with 5 hash functions
Inserting 900000 random_words elements with 5 hash functions
Looking up 900000 random_words elements with 5 hash functions
Inserting 920000 random_words elements with 5 hash functions
Looking up 920000 random_words elements with 5 hash functions
Inserting 940000 random_words elements with 5 hash functions
Looking up 940000 random_words elements with 5 hash functions
Inserting 960000 random_words elements with 5 hash functions
Looking up 960000 random_words elements with 5 hash functions
Inserting 980000 random_words elements with 5 hash functions
Looking up 980000 random_words elements with 5 hash functions
Inserting 1000000 random_words elements with 5 hash functions
Looking up 1000000 random_words elements with 5 hash functions
Inserting 20000 random_words elements with 10 hash functions
Looking up 20000 random_words elements with 10 hash functions
Inserting 40000 random_words elements with 10 hash functions
Looking up 40000 random_words elements with 10 hash functions
Inserting 60000 random_words elements with 10 hash functions
Looking up 60000 random_words elements with 10 hash functions
Inserting 80000 random_words elements with 10 hash functions
Looking up 80000 random_words elements with 10 hash functions
Inserting 100000 random_words elements with 10 hash functions
Looking up 100000 random_words elements with 10 hash functions
Inserting 120000 random_words elements with 10 hash functions
Looking up 120000 random_words elements with 10 hash functions
Inserting 140000 random_words elements with 10 hash functions
Looking up 140000 random_words elements with 10 hash functions
Inserting 160000 random_words elements with 10 hash functions
Looking up 160000 random_words elements with 10 hash functions
Inserting 180000 random_words elements with 10 hash functions
Looking up 180000 random_words elements with 10 hash functions
Inserting 200000 random_words elements with 10 hash functions
Looking up 200000 random_words elements with 10 hash functions
Inserting 220000 random_words elements with 10 hash functions
Looking up 220000 random_words elements with 10 hash functions
Inserting 240000 random_words elements with 10 hash functions
Looking up 240000 random_words elements with 10 hash functions
Inserting 260000 random_words elements with 10 hash functions
Looking up 260000 random_words elements with 10 hash functions
Inserting 280000 random_words elements with 10 hash functions
Looking up 280000 random_words elements with 10 hash functions
Inserting 300000 random_words elements with 10 hash functions
Looking up 300000 random_words elements with 10 hash functions
Inserting 320000 random_words elements with 10 hash functions
Looking up 320000 random_words elements with 10 hash functions
Inserting 340000 random_words elements with 10 hash functions
Looking up 340000 random_words elements with 10 hash functions
Inserting 360000 random_words elements with 10 hash functions
Looking up 360000 random_words elements with 10 hash functions
Inserting 380000 random_words elements with 10 hash functions
Looking up 380000 random_words elements with 10 hash functions
Inserting 400000 random_words elements with 10 hash functions
Looking up 400000 random_words elements with 10 hash functions
Inserting 420000 random_words elements with 10 hash functions
Looking up 420000 random_words elements with 10 hash functions
Inserting 440000 random_words elements with 10 hash functions
Looking up 440000 random_words elements with 10 hash functions
Inserting 460000 random_words elements with 10 hash functions
Looking up 460000 random_words elements with 10 hash functions
Inserting 480000 random_words elements with 10 hash functions
Looking up 480000 random_words elements with 10 hash functions
Inserting 500000 random_words elements with 10 hash functions
Looking up 500000 random_words elements with 10 hash functions
Inserting 520000 random_words elements with 10 hash functions
Looking up 520000 random_words elements with 10 hash functions
Inserting 540000 random_words elements with 10 hash functions
Looking up 540000 random_words elements with 10 hash functions
Inserting 560000 random_words elements with 10 hash functions
Looking up 560000 random_words elements with 10 hash functions
Inserting 580000 random_words elements with 10 hash functions
Looking up 580000 random_words elements with 10 hash functions
Inserting 600000 random_words elements with 10 hash functions
Looking up 600000 random_words elements with 10 hash functions
Inserting 620000 random_words elements with 10 hash functions
Looking up 620000 random_words elements with 10 hash functions
Inserting 640000 random_words elements with 10 hash functions
Looking up 640000 random_words elements with 10 hash functions
Inserting 660000 random_words elements with 10 hash functions
Looking up 660000 random_words elements with 10 hash functions
Inserting 680000 random_words elements with 10 hash functions
Looking up 680000 random_words elements with 10 hash functions
Inserting 700000 random_words elements with 10 hash functions
Looking up 700000 random_words elements with 10 hash functions
Inserting 720000 random_words elements with 10 hash functions
Looking up 720000 random_words elements with 10 hash functions
Inserting 740000 random_words elements with 10 hash functions
Looking up 740000 random_words elements with 10 hash functions
Inserting 760000 random_words elements with 10 hash functions
Looking up 760000 random_words elements with 10 hash functions
Inserting 780000 random_words elements with 10 hash functions
Looking up 780000 random_words elements with 10 hash functions
Inserting 800000 random_words elements with 10 hash functions
Looking up 800000 random_words elements with 10 hash functions
Inserting 820000 random_words elements with 10 hash functions
Looking up 820000 random_words elements with 10 hash functions
Inserting 840000 random_words elements with 10 hash functions
Looking up 840000 random_words elements with 10 hash functions
Inserting 860000 random_words elements with 10 hash functions
Looking up 860000 random_words elements with 10 hash functions
Inserting 880000 random_words elements with 10 hash functions
Looking up 880000 random_words elements with 10 hash functions
Inserting 900000 random_words elements with 10 hash functions
Looking up 900000 random_words elements with 10 hash functions
Inserting 920000 random_words elements with 10 hash functions
Looking up 920000 random_words elements with 10 hash functions
Inserting 940000 random_words elements with 10 hash functions
Looking up 940000 random_words elements with 10 hash functions
Inserting 960000 random_words elements with 10 hash functions
Looking up 960000 random_words elements with 10 hash functions
Inserting 980000 random_words elements with 10 hash functions
Looking up 980000 random_words elements with 10 hash functions
Inserting 1000000 random_words elements with 10 hash functions
Looking up 1000000 random_words elements with 10 hash functions
Inserting 20000 random_words elements with 15 hash functions
Looking up 20000 random_words elements with 15 hash functions
Inserting 40000 random_words elements with 15 hash functions
Looking up 40000 random_words elements with 15 hash functions
Inserting 60000 random_words elements with 15 hash functions
Looking up 60000 random_words elements with 15 hash functions
Inserting 80000 random_words elements with 15 hash functions
Looking up 80000 random_words elements with 15 hash functions
Inserting 100000 random_words elements with 15 hash functions
Looking up 100000 random_words elements with 15 hash functions
Inserting 120000 random_words elements with 15 hash functions
Looking up 120000 random_words elements with 15 hash functions
Inserting 140000 random_words elements with 15 hash functions
Looking up 140000 random_words elements with 15 hash functions
Inserting 160000 random_words elements with 15 hash functions
Looking up 160000 random_words elements with 15 hash functions
Inserting 180000 random_words elements with 15 hash functions
Looking up 180000 random_words elements with 15 hash functions
Inserting 200000 random_words elements with 15 hash functions
Looking up 200000 random_words elements with 15 hash functions
Inserting 220000 random_words elements with 15 hash functions
Looking up 220000 random_words elements with 15 hash functions
Inserting 240000 random_words elements with 15 hash functions
Looking up 240000 random_words elements with 15 hash functions
Inserting 260000 random_words elements with 15 hash functions
Looking up 260000 random_words elements with 15 hash functions
Inserting 280000 random_words elements with 15 hash functions
Looking up 280000 random_words elements with 15 hash functions
Inserting 300000 random_words elements with 15 hash functions
Looking up 300000 random_words elements with 15 hash functions
Inserting 320000 random_words elements with 15 hash functions
Looking up 320000 random_words elements with 15 hash functions
Inserting 340000 random_words elements with 15 hash functions
Looking up 340000 random_words elements with 15 hash functions
Inserting 360000 random_words elements with 15 hash functions
Looking up 360000 random_words elements with 15 hash functions
Inserting 380000 random_words elements with 15 hash functions
Looking up 380000 random_words elements with 15 hash functions
Inserting 400000 random_words elements with 15 hash functions
Looking up 400000 random_words elements with 15 hash functions
Inserting 420000 random_words elements with 15 hash functions
Looking up 420000 random_words elements with 15 hash functions
Inserting 440000 random_words elements with 15 hash functions
Looking up 440000 random_words elements with 15 hash functions
Inserting 460000 random_words elements with 15 hash functions
Looking up 460000 random_words elements with 15 hash functions
Inserting 480000 random_words elements with 15 hash functions
Looking up 480000 random_words elements with 15 hash functions
Inserting 500000 random_words elements with 15 hash functions
Looking up 500000 random_words elements with 15 hash functions
Inserting 520000 random_words elements with 15 hash functions
Looking up 520000 random_words elements with 15 hash functions
Inserting 540000 random_words elements with 15 hash functions
Looking up 540000 random_words elements with 15 hash functions
Inserting 560000 random_words elements with 15 hash functions
Looking up 560000 random_words elements with 15 hash functions
Inserting 580000 random_words elements with 15 hash functions
Looking up 580000 random_words elements with 15 hash functions
Inserting 600000 random_words elements with 15 hash functions
Looking up 600000 random_words elements with 15 hash functions
Inserting 620000 random_words elements with 15 hash functions
Looking up 620000 random_words elements with 15 hash functions
Inserting 640000 random_words elements with 15 hash functions
Looking up 640000 random_words elements with 15 hash functions
Inserting 660000 random_words elements with 15 hash functions
Looking up 660000 random_words elements with 15 hash functions
Inserting 680000 random_words elements with 15 hash functions
Looking up 680000 random_words elements with 15 hash functions
Inserting 700000 random_words elements with 15 hash functions
Looking up 700000 random_words elements with 15 hash functions
Inserting 720000 random_words elements with 15 hash functions
Looking up 720000 random_words elements with 15 hash functions
Inserting 740000 random_words elements with 15 hash functions
Looking up 740000 random_words elements with 15 hash functions
Inserting 760000 random_words elements with 15 hash functions
Looking up 760000 random_words elements with 15 hash functions
Inserting 780000 random_words elements with 15 hash functions
Looking up 780000 random_words elements with 15 hash functions
Inserting 800000 random_words elements with 15 hash functions
Looking up 800000 random_words elements with 15 hash functions
Inserting 820000 random_words elements with 15 hash functions
Looking up 820000 random_words elements with 15 hash functions
Inserting 840000 random_words elements with 15 hash functions
Looking up 840000 random_words elements with 15 hash functions
Inserting 860000 random_words elements with 15 hash functions
Looking up 860000 random_words elements with 15 hash functions
Inserting 880000 random_words elements with 15 hash functions
Looking up 880000 random_words elements with 15 hash functions
Inserting 900000 random_words elements with 15 hash functions
Looking up 900000 random_words elements with 15 hash functions
Inserting 920000 random_words elements with 15 hash functions
Looking up 920000 random_words elements with 15 hash functions
Inserting 940000 random_words elements with 15 hash functions
Looking up 940000 random_words elements with 15 hash functions
Inserting 960000 random_words elements with 15 hash functions
Looking up 960000 random_words elements with 15 hash functions
Inserting 980000 random_words elements with 15 hash functions
Looking up 980000 random_words elements with 15 hash functions
Inserting 1000000 random_words elements with 15 hash functions
Looking up 1000000 random_words elements with 15 hash functions
Inserting 20000 random_words elements with 20 hash functions
Looking up 20000 random_words elements with 20 hash functions
Inserting 40000 random_words elements with 20 hash functions
Looking up 40000 random_words elements with 20 hash functions
Inserting 60000 random_words elements with 20 hash functions
Looking up 60000 random_words elements with 20 hash functions
Inserting 80000 random_words elements with 20 hash functions
Looking up 80000 random_words elements with 20 hash functions
Inserting 100000 random_words elements with 20 hash functions
Looking up 100000 random_words elements with 20 hash functions
Inserting 120000 random_words elements with 20 hash functions
Looking up 120000 random_words elements with 20 hash functions
Inserting 140000 random_words elements with 20 hash functions
Looking up 140000 random_words elements with 20 hash functions
Inserting 160000 random_words elements with 20 hash functions
Looking up 160000 random_words elements with 20 hash functions
Inserting 180000 random_words elements with 20 hash functions
Looking up 180000 random_words elements with 20 hash functions
Inserting 200000 random_words elements with 20 hash functions
Looking up 200000 random_words elements with 20 hash functions
Inserting 220000 random_words elements with 20 hash functions
Looking up 220000 random_words elements with 20 hash functions
Inserting 240000 random_words elements with 20 hash functions
Looking up 240000 random_words elements with 20 hash functions
Inserting 260000 random_words elements with 20 hash functions
Looking up 260000 random_words elements with 20 hash functions
Inserting 280000 random_words elements with 20 hash functions
Looking up 280000 random_words elements with 20 hash functions
Inserting 300000 random_words elements with 20 hash functions
Looking up 300000 random_words elements with 20 hash functions
Inserting 320000 random_words elements with 20 hash functions
Looking up 320000 random_words elements with 20 hash functions
Inserting 340000 random_words elements with 20 hash functions
Looking up 340000 random_words elements with 20 hash functions
Inserting 360000 random_words elements with 20 hash functions
Looking up 360000 random_words elements with 20 hash functions
Inserting 380000 random_words elements with 20 hash functions
Looking up 380000 random_words elements with 20 hash functions
Inserting 400000 random_words elements with 20 hash functions
Looking up 400000 random_words elements with 20 hash functions
Inserting 420000 random_words elements with 20 hash functions
Looking up 420000 random_words elements with 20 hash functions
Inserting 440000 random_words elements with 20 hash functions
Looking up 440000 random_words elements with 20 hash functions
Inserting 460000 random_words elements with 20 hash functions
Looking up 460000 random_words elements with 20 hash functions
Inserting 480000 random_words elements with 20 hash functions
Looking up 480000 random_words elements with 20 hash functions
Inserting 500000 random_words elements with 20 hash functions
Looking up 500000 random_words elements with 20 hash functions
Inserting 520000 random_words elements with 20 hash functions
Looking up 520000 random_words elements with 20 hash functions
Inserting 540000 random_words elements with 20 hash functions
Looking up 540000 random_words elements with 20 hash functions
Inserting 560000 random_words elements with 20 hash functions
Looking up 560000 random_words elements with 20 hash functions
Inserting 580000 random_words elements with 20 hash functions
Looking up 580000 random_words elements with 20 hash functions
Inserting 600000 random_words elements with 20 hash functions
Looking up 600000 random_words elements with 20 hash functions
Inserting 620000 random_words elements with 20 hash functions
Looking up 620000 random_words elements with 20 hash functions
Inserting 640000 random_words elements with 20 hash functions
Looking up 640000 random_words elements with 20 hash functions
Inserting 660000 random_words elements with 20 hash functions
Looking up 660000 random_words elements with 20 hash functions
Inserting 680000 random_words elements with 20 hash functions
Looking up 680000 random_words elements with 20 hash functions
Inserting 700000 random_words elements with 20 hash functions
Looking up 700000 random_words elements with 20 hash functions
Inserting 720000 random_words elements with 20 hash functions
Looking up 720000 random_words elements with 20 hash functions
Inserting 740000 random_words elements with 20 hash functions
Looking up 740000 random_words elements with 20 hash functions
Inserting 760000 random_words elements with 20 hash functions
Looking up 760000 random_words elements with 20 hash functions
Inserting 780000 random_words elements with 20 hash functions
Looking up 780000 random_words elements with 20 hash functions
Inserting 800000 random_words elements with 20 hash functions
Looking up 800000 random_words elements with 20 hash functions
Inserting 820000 random_words elements with 20 hash functions
Looking up 820000 random_words elements with 20 hash functions
Inserting 840000 random_words elements with 20 hash functions
Looking up 840000 random_words elements with 20 hash functions
Inserting 860000 random_words elements with 20 hash functions
Looking up 860000 random_words elements with 20 hash functions
Inserting 880000 random_words elements with 20 hash functions
Looking up 880000 random_words elements with 20 hash functions
Inserting 900000 random_words elements with 20 hash functions
Looking up 900000 random_words elements with 20 hash functions
Inserting 920000 random_words elements with 20 hash functions
Looking up 920000 random_words elements with 20 hash functions
Inserting 940000 random_words elements with 20 hash functions
Looking up 940000 random_words elements with 20 hash functions
Inserting 960000 random_words elements with 20 hash functions
Looking up 960000 random_words elements with 20 hash functions
Inserting 980000 random_words elements with 20 hash functions
Looking up 980000 random_words elements with 20 hash functions
Inserting 1000000 random_words elements with 20 hash functions
Looking up 1000000 random_words elements with 20 hash functions
Inserting 20000 random_words elements with 25 hash functions
Looking up 20000 random_words elements with 25 hash functions
Inserting 40000 random_words elements with 25 hash functions
Looking up 40000 random_words elements with 25 hash functions
Inserting 60000 random_words elements with 25 hash functions
Looking up 60000 random_words elements with 25 hash functions
Inserting 80000 random_words elements with 25 hash functions
Looking up 80000 random_words elements with 25 hash functions
Inserting 100000 random_words elements with 25 hash functions
Looking up 100000 random_words elements with 25 hash functions
Inserting 120000 random_words elements with 25 hash functions
Looking up 120000 random_words elements with 25 hash functions
Inserting 140000 random_words elements with 25 hash functions
Looking up 140000 random_words elements with 25 hash functions
Inserting 160000 random_words elements with 25 hash functions
Looking up 160000 random_words elements with 25 hash functions
Inserting 180000 random_words elements with 25 hash functions
Looking up 180000 random_words elements with 25 hash functions
Inserting 200000 random_words elements with 25 hash functions
Looking up 200000 random_words elements with 25 hash functions
Inserting 220000 random_words elements with 25 hash functions
Looking up 220000 random_words elements with 25 hash functions
Inserting 240000 random_words elements with 25 hash functions
Looking up 240000 random_words elements with 25 hash functions
Inserting 260000 random_words elements with 25 hash functions
Looking up 260000 random_words elements with 25 hash functions
Inserting 280000 random_words elements with 25 hash functions
Looking up 280000 random_words elements with 25 hash functions
Inserting 300000 random_words elements with 25 hash functions
Looking up 300000 random_words elements with 25 hash functions
Inserting 320000 random_words elements with 25 hash functions
Looking up 320000 random_words elements with 25 hash functions
Inserting 340000 random_words elements with 25 hash functions
Looking up 340000 random_words elements with 25 hash functions
Inserting 360000 random_words elements with 25 hash functions
Looking up 360000 random_words elements with 25 hash functions
Inserting 380000 random_words elements with 25 hash functions
Looking up 380000 random_words elements with 25 hash functions
Inserting 400000 random_words elements with 25 hash functions
Looking up 400000 random_words elements with 25 hash functions
Inserting 420000 random_words elements with 25 hash functions
Looking up 420000 random_words elements with 25 hash functions
Inserting 440000 random_words elements with 25 hash functions
Looking up 440000 random_words elements with 25 hash functions
Inserting 460000 random_words elements with 25 hash functions
Looking up 460000 random_words elements with 25 hash functions
Inserting 480000 random_words elements with 25 hash functions
Looking up 480000 random_words elements with 25 hash functions
Inserting 500000 random_words elements with 25 hash functions
Looking up 500000 random_words elements with 25 hash functions
Inserting 520000 random_words elements with 25 hash functions
Looking up 520000 random_words elements with 25 hash functions
Inserting 540000 random_words elements with 25 hash functions
Looking up 540000 random_words elements with 25 hash functions
Inserting 560000 random_words elements with 25 hash functions
Looking up 560000 random_words elements with 25 hash functions
Inserting 580000 random_words elements with 25 hash functions
Looking up 580000 random_words elements with 25 hash functions
Inserting 600000 random_words elements with 25 hash functions
Looking up 600000 random_words elements with 25 hash functions
Inserting 620000 random_words elements with 25 hash functions
Looking up 620000 random_words elements with 25 hash functions
Inserting 640000 random_words elements with 25 hash functions
Looking up 640000 random_words elements with 25 hash functions
Inserting 660000 random_words elements with 25 hash functions
Looking up 660000 random_words elements with 25 hash functions
Inserting 680000 random_words elements with 25 hash functions
Looking up 680000 random_words elements with 25 hash functions
Inserting 700000 random_words elements with 25 hash functions
Looking up 700000 random_words elements with 25 hash functions
Inserting 720000 random_words elements with 25 hash functions
Looking up 720000 random_words elements with 25 hash functions
Inserting 740000 random_words elements with 25 hash functions
Looking up 740000 random_words elements with 25 hash functions
Inserting 760000 random_words elements with 25 hash functions
Looking up 760000 random_words elements with 25 hash functions
Inserting 780000 random_words elements with 25 hash functions
Looking up 780000 random_words elements with 25 hash functions
Inserting 800000 random_words elements with 25 hash functions
Looking up 800000 random_words elements with 25 hash functions
Inserting 820000 random_words elements with 25 hash functions
Looking up 820000 random_words elements with 25 hash functions
Inserting 840000 random_words elements with 25 hash functions
Looking up 840000 random_words elements with 25 hash functions
Inserting 860000 random_words elements with 25 hash functions
Looking up 860000 random_words elements with 25 hash functions
Inserting 880000 random_words elements with 25 hash functions
Looking up 880000 random_words elements with 25 hash functions
Inserting 900000 random_words elements with 25 hash functions
Looking up 900000 random_words elements with 25 hash functions
Inserting 920000 random_words elements with 25 hash functions
Looking up 920000 random_words elements with 25 hash functions
Inserting 940000 random_words elements with 25 hash functions
Looking up 940000 random_words elements with 25 hash functions
Inserting 960000 random_words elements with 25 hash functions
Looking up 960000 random_words elements with 25 hash functions
Inserting 980000 random_words elements with 25 hash functions
Looking up 980000 random_words elements with 25 hash functions
Inserting 1000000 random_words elements with 25 hash functions
Looking up 1000000 random_words elements with 25 hash functions
Inserting 20000 dna elements with 5 hash functions
Looking up 20000 dna elements with 5 hash functions
Inserting 40000 dna elements with 5 hash functions
Looking up 40000 dna elements with 5 hash functions
Inserting 60000 dna elements with 5 hash functions
Looking up 60000 dna elements with 5 hash functions
Inserting 80000 dna elements with 5 hash functions
Looking up 80000 dna elements with 5 hash functions
Inserting 100000 dna elements with 5 hash functions
Looking up 100000 dna elements with 5 hash functions
Inserting 120000 dna elements with 5 hash functions
Looking up 120000 dna elements with 5 hash functions
Inserting 140000 dna elements with 5 hash functions
Looking up 140000 dna elements with 5 hash functions
Inserting 160000 dna elements with 5 hash functions
Looking up 160000 dna elements with 5 hash functions
Inserting 180000 dna elements with 5 hash functions
Looking up 180000 dna elements with 5 hash functions
Inserting 200000 dna elements with 5 hash functions
Looking up 200000 dna elements with 5 hash functions
Inserting 220000 dna elements with 5 hash functions
Looking up 220000 dna elements with 5 hash functions
Inserting 240000 dna elements with 5 hash functions
Looking up 240000 dna elements with 5 hash functions
Inserting 260000 dna elements with 5 hash functions
Looking up 260000 dna elements with 5 hash functions
Inserting 280000 dna elements with 5 hash functions
Looking up 280000 dna elements with 5 hash functions
Inserting 300000 dna elements with 5 hash functions
Looking up 300000 dna elements with 5 hash functions
Inserting 320000 dna elements with 5 hash functions
Looking up 320000 dna elements with 5 hash functions
Inserting 340000 dna elements with 5 hash functions
Looking up 340000 dna elements with 5 hash functions
Inserting 360000 dna elements with 5 hash functions
Looking up 360000 dna elements with 5 hash functions
Inserting 380000 dna elements with 5 hash functions
Looking up 380000 dna elements with 5 hash functions
Inserting 400000 dna elements with 5 hash functions
Looking up 400000 dna elements with 5 hash functions
Inserting 420000 dna elements with 5 hash functions
Looking up 420000 dna elements with 5 hash functions
Inserting 440000 dna elements with 5 hash functions
Looking up 440000 dna elements with 5 hash functions
Inserting 460000 dna elements with 5 hash functions
Looking up 460000 dna elements with 5 hash functions
Inserting 480000 dna elements with 5 hash functions
Looking up 480000 dna elements with 5 hash functions
Inserting 500000 dna elements with 5 hash functions
Looking up 500000 dna elements with 5 hash functions
Inserting 520000 dna elements with 5 hash functions
Looking up 520000 dna elements with 5 hash functions
Inserting 540000 dna elements with 5 hash functions
Looking up 540000 dna elements with 5 hash functions
Inserting 560000 dna elements with 5 hash functions
Looking up 560000 dna elements with 5 hash functions
Inserting 580000 dna elements with 5 hash functions
Looking up 580000 dna elements with 5 hash functions
Inserting 600000 dna elements with 5 hash functions
Looking up 600000 dna elements with 5 hash functions
Inserting 620000 dna elements with 5 hash functions
Looking up 620000 dna elements with 5 hash functions
Inserting 640000 dna elements with 5 hash functions
Looking up 640000 dna elements with 5 hash functions
Inserting 660000 dna elements with 5 hash functions
Looking up 660000 dna elements with 5 hash functions
Inserting 680000 dna elements with 5 hash functions
Looking up 680000 dna elements with 5 hash functions
Inserting 700000 dna elements with 5 hash functions
Looking up 700000 dna elements with 5 hash functions
Inserting 720000 dna elements with 5 hash functions
Looking up 720000 dna elements with 5 hash functions
Inserting 740000 dna elements with 5 hash functions
Looking up 740000 dna elements with 5 hash functions
Inserting 760000 dna elements with 5 hash functions
Looking up 760000 dna elements with 5 hash functions
Inserting 780000 dna elements with 5 hash functions
Looking up 780000 dna elements with 5 hash functions
Inserting 800000 dna elements with 5 hash functions
Looking up 800000 dna elements with 5 hash functions
Inserting 820000 dna elements with 5 hash functions
Looking up 820000 dna elements with 5 hash functions
Inserting 840000 dna elements with 5 hash functions
Looking up 840000 dna elements with 5 hash functions
Inserting 860000 dna elements with 5 hash functions
Looking up 860000 dna elements with 5 hash functions
Inserting 880000 dna elements with 5 hash functions
Looking up 880000 dna elements with 5 hash functions
Inserting 900000 dna elements with 5 hash functions
Looking up 900000 dna elements with 5 hash functions
Inserting 920000 dna elements with 5 hash functions
Looking up 920000 dna elements with 5 hash functions
Inserting 940000 dna elements with 5 hash functions
Looking up 940000 dna elements with 5 hash functions
Inserting 960000 dna elements with 5 hash functions
Looking up 960000 dna elements with 5 hash functions
Inserting 980000 dna elements with 5 hash functions
Looking up 980000 dna elements with 5 hash functions
Inserting 1000000 dna elements with 5 hash functions
Looking up 1000000 dna elements with 5 hash functions
Inserting 20000 dna elements with 10 hash functions
Looking up 20000 dna elements with 10 hash functions
Inserting 40000 dna elements with 10 hash functions
Looking up 40000 dna elements with 10 hash functions
Inserting 60000 dna elements with 10 hash functions
Looking up 60000 dna elements with 10 hash functions
Inserting 80000 dna elements with 10 hash functions
Looking up 80000 dna elements with 10 hash functions
Inserting 100000 dna elements with 10 hash functions
Looking up 100000 dna elements with 10 hash functions
Inserting 120000 dna elements with 10 hash functions
Looking up 120000 dna elements with 10 hash functions
Inserting 140000 dna elements with 10 hash functions
Looking up 140000 dna elements with 10 hash functions
Inserting 160000 dna elements with 10 hash functions
Looking up 160000 dna elements with 10 hash functions
Inserting 180000 dna elements with 10 hash functions
Looking up 180000 dna elements with 10 hash functions
Inserting 200000 dna elements with 10 hash functions
Looking up 200000 dna elements with 10 hash functions
Inserting 220000 dna elements with 10 hash functions
Looking up 220000 dna elements with 10 hash functions
Inserting 240000 dna elements with 10 hash functions
Looking up 240000 dna elements with 10 hash functions
Inserting 260000 dna elements with 10 hash functions
Looking up 260000 dna elements with 10 hash functions
Inserting 280000 dna elements with 10 hash functions
Looking up 280000 dna elements with 10 hash functions
Inserting 300000 dna elements with 10 hash functions
Looking up 300000 dna elements with 10 hash functions
Inserting 320000 dna elements with 10 hash functions
Looking up 320000 dna elements with 10 hash functions
Inserting 340000 dna elements with 10 hash functions
Looking up 340000 dna elements with 10 hash functions
Inserting 360000 dna elements with 10 hash functions
Looking up 360000 dna elements with 10 hash functions
Inserting 380000 dna elements with 10 hash functions
Looking up 380000 dna elements with 10 hash functions
Inserting 400000 dna elements with 10 hash functions
Looking up 400000 dna elements with 10 hash functions
Inserting 420000 dna elements with 10 hash functions
Looking up 420000 dna elements with 10 hash functions
Inserting 440000 dna elements with 10 hash functions
Looking up 440000 dna elements with 10 hash functions
Inserting 460000 dna elements with 10 hash functions
Looking up 460000 dna elements with 10 hash functions
Inserting 480000 dna elements with 10 hash functions
Looking up 480000 dna elements with 10 hash functions
Inserting 500000 dna elements with 10 hash functions
Looking up 500000 dna elements with 10 hash functions
Inserting 520000 dna elements with 10 hash functions
Looking up 520000 dna elements with 10 hash functions
Inserting 540000 dna elements with 10 hash functions
Looking up 540000 dna elements with 10 hash functions
Inserting 560000 dna elements with 10 hash functions
Looking up 560000 dna elements with 10 hash functions
Inserting 580000 dna elements with 10 hash functions
Looking up 580000 dna elements with 10 hash functions
Inserting 600000 dna elements with 10 hash functions
Looking up 600000 dna elements with 10 hash functions
Inserting 620000 dna elements with 10 hash functions
Looking up 620000 dna elements with 10 hash functions
Inserting 640000 dna elements with 10 hash functions
Looking up 640000 dna elements with 10 hash functions
Inserting 660000 dna elements with 10 hash functions
Looking up 660000 dna elements with 10 hash functions
Inserting 680000 dna elements with 10 hash functions
Looking up 680000 dna elements with 10 hash functions
Inserting 700000 dna elements with 10 hash functions
Looking up 700000 dna elements with 10 hash functions
Inserting 720000 dna elements with 10 hash functions
Looking up 720000 dna elements with 10 hash functions
Inserting 740000 dna elements with 10 hash functions
Looking up 740000 dna elements with 10 hash functions
Inserting 760000 dna elements with 10 hash functions
Looking up 760000 dna elements with 10 hash functions
Inserting 780000 dna elements with 10 hash functions
Looking up 780000 dna elements with 10 hash functions
Inserting 800000 dna elements with 10 hash functions
Looking up 800000 dna elements with 10 hash functions
Inserting 820000 dna elements with 10 hash functions
Looking up 820000 dna elements with 10 hash functions
Inserting 840000 dna elements with 10 hash functions
Looking up 840000 dna elements with 10 hash functions
Inserting 860000 dna elements with 10 hash functions
Looking up 860000 dna elements with 10 hash functions
Inserting 880000 dna elements with 10 hash functions
Looking up 880000 dna elements with 10 hash functions
Inserting 900000 dna elements with 10 hash functions
Looking up 900000 dna elements with 10 hash functions
Inserting 920000 dna elements with 10 hash functions
Looking up 920000 dna elements with 10 hash functions
Inserting 940000 dna elements with 10 hash functions
Looking up 940000 dna elements with 10 hash functions
Inserting 960000 dna elements with 10 hash functions
Looking up 960000 dna elements with 10 hash functions
Inserting 980000 dna elements with 10 hash functions
Looking up 980000 dna elements with 10 hash functions
Inserting 1000000 dna elements with 10 hash functions
Looking up 1000000 dna elements with 10 hash functions
Inserting 20000 dna elements with 15 hash functions
Looking up 20000 dna elements with 15 hash functions
Inserting 40000 dna elements with 15 hash functions
Looking up 40000 dna elements with 15 hash functions
Inserting 60000 dna elements with 15 hash functions
Looking up 60000 dna elements with 15 hash functions
Inserting 80000 dna elements with 15 hash functions
Looking up 80000 dna elements with 15 hash functions
Inserting 100000 dna elements with 15 hash functions
Looking up 100000 dna elements with 15 hash functions
Inserting 120000 dna elements with 15 hash functions
Looking up 120000 dna elements with 15 hash functions
Inserting 140000 dna elements with 15 hash functions
Looking up 140000 dna elements with 15 hash functions
Inserting 160000 dna elements with 15 hash functions
Looking up 160000 dna elements with 15 hash functions
Inserting 180000 dna elements with 15 hash functions
Looking up 180000 dna elements with 15 hash functions
Inserting 200000 dna elements with 15 hash functions
Looking up 200000 dna elements with 15 hash functions
Inserting 220000 dna elements with 15 hash functions
Looking up 220000 dna elements with 15 hash functions
Inserting 240000 dna elements with 15 hash functions
Looking up 240000 dna elements with 15 hash functions
Inserting 260000 dna elements with 15 hash functions
Looking up 260000 dna elements with 15 hash functions
Inserting 280000 dna elements with 15 hash functions
Looking up 280000 dna elements with 15 hash functions
Inserting 300000 dna elements with 15 hash functions
Looking up 300000 dna elements with 15 hash functions
Inserting 320000 dna elements with 15 hash functions
Looking up 320000 dna elements with 15 hash functions
Inserting 340000 dna elements with 15 hash functions
Looking up 340000 dna elements with 15 hash functions
Inserting 360000 dna elements with 15 hash functions
Looking up 360000 dna elements with 15 hash functions
Inserting 380000 dna elements with 15 hash functions
Looking up 380000 dna elements with 15 hash functions
Inserting 400000 dna elements with 15 hash functions
Looking up 400000 dna elements with 15 hash functions
Inserting 420000 dna elements with 15 hash functions
Looking up 420000 dna elements with 15 hash functions
Inserting 440000 dna elements with 15 hash functions
Looking up 440000 dna elements with 15 hash functions
Inserting 460000 dna elements with 15 hash functions
Looking up 460000 dna elements with 15 hash functions
Inserting 480000 dna elements with 15 hash functions
Looking up 480000 dna elements with 15 hash functions
Inserting 500000 dna elements with 15 hash functions
Looking up 500000 dna elements with 15 hash functions
Inserting 520000 dna elements with 15 hash functions
Looking up 520000 dna elements with 15 hash functions
Inserting 540000 dna elements with 15 hash functions
Looking up 540000 dna elements with 15 hash functions
Inserting 560000 dna elements with 15 hash functions
Looking up 560000 dna elements with 15 hash functions
Inserting 580000 dna elements with 15 hash functions
Looking up 580000 dna elements with 15 hash functions
Inserting 600000 dna elements with 15 hash functions
Looking up 600000 dna elements with 15 hash functions
Inserting 620000 dna elements with 15 hash functions
Looking up 620000 dna elements with 15 hash functions
Inserting 640000 dna elements with 15 hash functions
Looking up 640000 dna elements with 15 hash functions
Inserting 660000 dna elements with 15 hash functions
Looking up 660000 dna elements with 15 hash functions
Inserting 680000 dna elements with 15 hash functions
Looking up 680000 dna elements with 15 hash functions
Inserting 700000 dna elements with 15 hash functions
Looking up 700000 dna elements with 15 hash functions
Inserting 720000 dna elements with 15 hash functions
Looking up 720000 dna elements with 15 hash functions
Inserting 740000 dna elements with 15 hash functions
Looking up 740000 dna elements with 15 hash functions
Inserting 760000 dna elements with 15 hash functions
Looking up 760000 dna elements with 15 hash functions
Inserting 780000 dna elements with 15 hash functions
Looking up 780000 dna elements with 15 hash functions
Inserting 800000 dna elements with 15 hash functions
Looking up 800000 dna elements with 15 hash functions
Inserting 820000 dna elements with 15 hash functions
Looking up 820000 dna elements with 15 hash functions
Inserting 840000 dna elements with 15 hash functions
Looking up 840000 dna elements with 15 hash functions
Inserting 860000 dna elements with 15 hash functions
Looking up 860000 dna elements with 15 hash functions
Inserting 880000 dna elements with 15 hash functions
Looking up 880000 dna elements with 15 hash functions
Inserting 900000 dna elements with 15 hash functions
Looking up 900000 dna elements with 15 hash functions
Inserting 920000 dna elements with 15 hash functions
Looking up 920000 dna elements with 15 hash functions
Inserting 940000 dna elements with 15 hash functions
Looking up 940000 dna elements with 15 hash functions
Inserting 960000 dna elements with 15 hash functions
Looking up 960000 dna elements with 15 hash functions
Inserting 980000 dna elements with 15 hash functions
Looking up 980000 dna elements with 15 hash functions
Inserting 1000000 dna elements with 15 hash functions
Looking up 1000000 dna elements with 15 hash functions
Inserting 20000 dna elements with 20 hash functions
Looking up 20000 dna elements with 20 hash functions
Inserting 40000 dna elements with 20 hash functions
Looking up 40000 dna elements with 20 hash functions
Inserting 60000 dna elements with 20 hash functions
Looking up 60000 dna elements with 20 hash functions
Inserting 80000 dna elements with 20 hash functions
Looking up 80000 dna elements with 20 hash functions
Inserting 100000 dna elements with 20 hash functions
Looking up 100000 dna elements with 20 hash functions
Inserting 120000 dna elements with 20 hash functions
Looking up 120000 dna elements with 20 hash functions
Inserting 140000 dna elements with 20 hash functions
Looking up 140000 dna elements with 20 hash functions
Inserting 160000 dna elements with 20 hash functions
Looking up 160000 dna elements with 20 hash functions
Inserting 180000 dna elements with 20 hash functions
Looking up 180000 dna elements with 20 hash functions
Inserting 200000 dna elements with 20 hash functions
Looking up 200000 dna elements with 20 hash functions
Inserting 220000 dna elements with 20 hash functions
Looking up 220000 dna elements with 20 hash functions
Inserting 240000 dna elements with 20 hash functions
Looking up 240000 dna elements with 20 hash functions
Inserting 260000 dna elements with 20 hash functions
Looking up 260000 dna elements with 20 hash functions
Inserting 280000 dna elements with 20 hash functions
Looking up 280000 dna elements with 20 hash functions
Inserting 300000 dna elements with 20 hash functions
Looking up 300000 dna elements with 20 hash functions
Inserting 320000 dna elements with 20 hash functions
Looking up 320000 dna elements with 20 hash functions
Inserting 340000 dna elements with 20 hash functions
Looking up 340000 dna elements with 20 hash functions
Inserting 360000 dna elements with 20 hash functions
Looking up 360000 dna elements with 20 hash functions
Inserting 380000 dna elements with 20 hash functions
Looking up 380000 dna elements with 20 hash functions
Inserting 400000 dna elements with 20 hash functions
Looking up 400000 dna elements with 20 hash functions
Inserting 420000 dna elements with 20 hash functions
Looking up 420000 dna elements with 20 hash functions
Inserting 440000 dna elements with 20 hash functions
Looking up 440000 dna elements with 20 hash functions
Inserting 460000 dna elements with 20 hash functions
Looking up 460000 dna elements with 20 hash functions
Inserting 480000 dna elements with 20 hash functions
Looking up 480000 dna elements with 20 hash functions
Inserting 500000 dna elements with 20 hash functions
Looking up 500000 dna elements with 20 hash functions
Inserting 520000 dna elements with 20 hash functions
Looking up 520000 dna elements with 20 hash functions
Inserting 540000 dna elements with 20 hash functions
Looking up 540000 dna elements with 20 hash functions
Inserting 560000 dna elements with 20 hash functions
Looking up 560000 dna elements with 20 hash functions
Inserting 580000 dna elements with 20 hash functions
Looking up 580000 dna elements with 20 hash functions
Inserting 600000 dna elements with 20 hash functions
Looking up 600000 dna elements with 20 hash functions
Inserting 620000 dna elements with 20 hash functions
Looking up 620000 dna elements with 20 hash functions
Inserting 640000 dna elements with 20 hash functions
Looking up 640000 dna elements with 20 hash functions
Inserting 660000 dna elements with 20 hash functions
Looking up 660000 dna elements with 20 hash functions
Inserting 680000 dna elements with 20 hash functions
Looking up 680000 dna elements with 20 hash functions
Inserting 700000 dna elements with 20 hash functions
Looking up 700000 dna elements with 20 hash functions
Inserting 720000 dna elements with 20 hash functions
Looking up 720000 dna elements with 20 hash functions
Inserting 740000 dna elements with 20 hash functions
Looking up 740000 dna elements with 20 hash functions
Inserting 760000 dna elements with 20 hash functions
Looking up 760000 dna elements with 20 hash functions
Inserting 780000 dna elements with 20 hash functions
Looking up 780000 dna elements with 20 hash functions
Inserting 800000 dna elements with 20 hash functions
Looking up 800000 dna elements with 20 hash functions
Inserting 820000 dna elements with 20 hash functions
Looking up 820000 dna elements with 20 hash functions
Inserting 840000 dna elements with 20 hash functions
Looking up 840000 dna elements with 20 hash functions
Inserting 860000 dna elements with 20 hash functions
Looking up 860000 dna elements with 20 hash functions
Inserting 880000 dna elements with 20 hash functions
Looking up 880000 dna elements with 20 hash functions
Inserting 900000 dna elements with 20 hash functions
Looking up 900000 dna elements with 20 hash functions
Inserting 920000 dna elements with 20 hash functions
Looking up 920000 dna elements with 20 hash functions
Inserting 940000 dna elements with 20 hash functions
Looking up 940000 dna elements with 20 hash functions
Inserting 960000 dna elements with 20 hash functions
Looking up 960000 dna elements with 20 hash functions
Inserting 980000 dna elements with 20 hash functions
Looking up 980000 dna elements with 20 hash functions
Inserting 1000000 dna elements with 20 hash functions
Looking up 1000000 dna elements with 20 hash functions
Inserting 20000 dna elements with 25 hash functions
Looking up 20000 dna elements with 25 hash functions
Inserting 40000 dna elements with 25 hash functions
Looking up 40000 dna elements with 25 hash functions
Inserting 60000 dna elements with 25 hash functions
Looking up 60000 dna elements with 25 hash functions
Inserting 80000 dna elements with 25 hash functions
Looking up 80000 dna elements with 25 hash functions
Inserting 100000 dna elements with 25 hash functions
Looking up 100000 dna elements with 25 hash functions
Inserting 120000 dna elements with 25 hash functions
Looking up 120000 dna elements with 25 hash functions
Inserting 140000 dna elements with 25 hash functions
Looking up 140000 dna elements with 25 hash functions
Inserting 160000 dna elements with 25 hash functions
Looking up 160000 dna elements with 25 hash functions
Inserting 180000 dna elements with 25 hash functions
Looking up 180000 dna elements with 25 hash functions
Inserting 200000 dna elements with 25 hash functions
Looking up 200000 dna elements with 25 hash functions
Inserting 220000 dna elements with 25 hash functions
Looking up 220000 dna elements with 25 hash functions
Inserting 240000 dna elements with 25 hash functions
Looking up 240000 dna elements with 25 hash functions
Inserting 260000 dna elements with 25 hash functions
Looking up 260000 dna elements with 25 hash functions
Inserting 280000 dna elements with 25 hash functions
Looking up 280000 dna elements with 25 hash functions
Inserting 300000 dna elements with 25 hash functions
Looking up 300000 dna elements with 25 hash functions
Inserting 320000 dna elements with 25 hash functions
Looking up 320000 dna elements with 25 hash functions
Inserting 340000 dna elements with 25 hash functions
Looking up 340000 dna elements with 25 hash functions
Inserting 360000 dna elements with 25 hash functions
Looking up 360000 dna elements with 25 hash functions
Inserting 380000 dna elements with 25 hash functions
Looking up 380000 dna elements with 25 hash functions
Inserting 400000 dna elements with 25 hash functions
Looking up 400000 dna elements with 25 hash functions
Inserting 420000 dna elements with 25 hash functions
Looking up 420000 dna elements with 25 hash functions
Inserting 440000 dna elements with 25 hash functions
Looking up 440000 dna elements with 25 hash functions
Inserting 460000 dna elements with 25 hash functions
Looking up 460000 dna elements with 25 hash functions
Inserting 480000 dna elements with 25 hash functions
Looking up 480000 dna elements with 25 hash functions
Inserting 500000 dna elements with 25 hash functions
Looking up 500000 dna elements with 25 hash functions
Inserting 520000 dna elements with 25 hash functions
Looking up 520000 dna elements with 25 hash functions
Inserting 540000 dna elements with 25 hash functions
Looking up 540000 dna elements with 25 hash functions
Inserting 560000 dna elements with 25 hash functions
Looking up 560000 dna elements with 25 hash functions
Inserting 580000 dna elements with 25 hash functions
Looking up 580000 dna elements with 25 hash functions
Inserting 600000 dna elements with 25 hash functions
Looking up 600000 dna elements with 25 hash functions
Inserting 620000 dna elements with 25 hash functions
Looking up 620000 dna elements with 25 hash functions
Inserting 640000 dna elements with 25 hash functions
Looking up 640000 dna elements with 25 hash functions
Inserting 660000 dna elements with 25 hash functions
Looking up 660000 dna elements with 25 hash functions
Inserting 680000 dna elements with 25 hash functions
Looking up 680000 dna elements with 25 hash functions
Inserting 700000 dna elements with 25 hash functions
Looking up 700000 dna elements with 25 hash functions
Inserting 720000 dna elements with 25 hash functions
Looking up 720000 dna elements with 25 hash functions
Inserting 740000 dna elements with 25 hash functions
Looking up 740000 dna elements with 25 hash functions
Inserting 760000 dna elements with 25 hash functions
Looking up 760000 dna elements with 25 hash functions
Inserting 780000 dna elements with 25 hash functions
Looking up 780000 dna elements with 25 hash functions
Inserting 800000 dna elements with 25 hash functions
Looking up 800000 dna elements with 25 hash functions
Inserting 820000 dna elements with 25 hash functions
Looking up 820000 dna elements with 25 hash functions
Inserting 840000 dna elements with 25 hash functions
Looking up 840000 dna elements with 25 hash functions
Inserting 860000 dna elements with 25 hash functions
Looking up 860000 dna elements with 25 hash functions
Inserting 880000 dna elements with 25 hash functions
Looking up 880000 dna elements with 25 hash functions
Inserting 900000 dna elements with 25 hash functions
Looking up 900000 dna elements with 25 hash functions
Inserting 920000 dna elements with 25 hash functions
Looking up 920000 dna elements with 25 hash functions
Inserting 940000 dna elements with 25 hash functions
Looking up 940000 dna elements with 25 hash functions
Inserting 960000 dna elements with 25 hash functions
Looking up 960000 dna elements with 25 hash functions
Inserting 980000 dna elements with 25 hash functions
Looking up 980000 dna elements with 25 hash functions
Inserting 1000000 dna elements with 25 hash functions
Looking up 1000000 dna elements with 25 hash functions
